{
  "stats": {
    "suites": 1,
    "tests": 6,
    "passes": 6,
    "pending": 0,
    "failures": 0,
    "start": "2020-07-14T15:46:19.408Z",
    "end": "2020-07-14T15:46:25.332Z",
    "duration": 5924,
    "testsRegistered": 6,
    "passPercent": 100,
    "pendingPercent": 0,
    "other": 0,
    "hasOther": false,
    "skipped": 0,
    "hasSkipped": false
  },
  "results": [
    {
      "uuid": "18d54d32-642c-40c3-9fb8-03cecf1bbac7",
      "title": "",
      "fullFile": "cypress/integration/APITesting.js",
      "file": "cypress/integration/APITesting.js",
      "beforeHooks": [],
      "afterHooks": [],
      "tests": [],
      "suites": [
        {
          "uuid": "dca91862-4fc4-4a05-8f5f-a78bd88d11c8",
          "title": "Automated tests for the omar-wfs methods",
          "fullFile": "",
          "file": "",
          "beforeHooks": [],
          "afterHooks": [],
          "tests": [
            {
              "title": "Should test 200 code for describeFeatureType default values",
              "fullTitle": "Automated tests for the omar-wfs methods Should test 200 code for describeFeatureType default values",
              "timedOut": null,
              "duration": 5352,
              "state": "passed",
              "speed": "slow",
              "pass": true,
              "fail": false,
              "pending": false,
              "context": null,
              "code": "cy.request(method, path + request).then(function (response) {\n  expect(response.status).to.eq(200);\n});",
              "err": {},
              "uuid": "d6d3689b-fd49-4893-b37d-15e5cee86050",
              "parentUUID": "dca91862-4fc4-4a05-8f5f-a78bd88d11c8",
              "isHook": false,
              "skipped": false
            },
            {
              "title": "Should test response header for describeFeatureType",
              "fullTitle": "Automated tests for the omar-wfs methods Should test response header for describeFeatureType",
              "timedOut": null,
              "duration": 131,
              "state": "passed",
              "speed": "slow",
              "pass": true,
              "fail": false,
              "pending": false,
              "context": null,
              "code": "cy.request(method, path + request).then(function (response) {\n  expect(response).to.have.property(\"headers\");\n});",
              "err": {},
              "uuid": "18bc495b-9eaf-4de9-8217-227b7d26a290",
              "parentUUID": "dca91862-4fc4-4a05-8f5f-a78bd88d11c8",
              "isHook": false,
              "skipped": false
            },
            {
              "title": "Should test 200 code for getCapabilities default values",
              "fullTitle": "Automated tests for the omar-wfs methods Should test 200 code for getCapabilities default values",
              "timedOut": null,
              "duration": 53,
              "state": "passed",
              "speed": "medium",
              "pass": true,
              "fail": false,
              "pending": false,
              "context": null,
              "code": "cy.request(method, path + request).then(function (response) {\n  expect(response.status).to.eq(200);\n});",
              "err": {},
              "uuid": "cd28cdd4-97df-4b47-85f8-3c84c1e674b7",
              "parentUUID": "dca91862-4fc4-4a05-8f5f-a78bd88d11c8",
              "isHook": false,
              "skipped": false
            },
            {
              "title": "Should test response header for getCapabilities",
              "fullTitle": "Automated tests for the omar-wfs methods Should test response header for getCapabilities",
              "timedOut": null,
              "duration": 55,
              "state": "passed",
              "speed": "medium",
              "pass": true,
              "fail": false,
              "pending": false,
              "context": null,
              "code": "cy.request(method, path + request).then(function (response) {\n  expect(response).to.have.property(\"headers\");\n});",
              "err": {},
              "uuid": "66ad4a44-ce1a-4cc5-a018-9fc84a115c4c",
              "parentUUID": "dca91862-4fc4-4a05-8f5f-a78bd88d11c8",
              "isHook": false,
              "skipped": false
            },
            {
              "title": "Should test 200 code for getFeature default values",
              "fullTitle": "Automated tests for the omar-wfs methods Should test 200 code for getFeature default values",
              "timedOut": null,
              "duration": 138,
              "state": "passed",
              "speed": "slow",
              "pass": true,
              "fail": false,
              "pending": false,
              "context": null,
              "code": "cy.request(method, path + request).then(function (response) {\n  expect(response.status).to.eq(200);\n});",
              "err": {},
              "uuid": "90c1cc4f-e179-4052-b0b3-83e34f1ae038",
              "parentUUID": "dca91862-4fc4-4a05-8f5f-a78bd88d11c8",
              "isHook": false,
              "skipped": false
            },
            {
              "title": "Should test response header for getFeature",
              "fullTitle": "Automated tests for the omar-wfs methods Should test response header for getFeature",
              "timedOut": null,
              "duration": 129,
              "state": "passed",
              "speed": "slow",
              "pass": true,
              "fail": false,
              "pending": false,
              "context": null,
              "code": "cy.request(method, path + request).then(function (response) {\n  expect(response).to.have.property(\"headers\");\n});",
              "err": {},
              "uuid": "7abc3ab5-fc65-4022-9d67-9268a459480c",
              "parentUUID": "dca91862-4fc4-4a05-8f5f-a78bd88d11c8",
              "isHook": false,
              "skipped": false
            }
          ],
          "suites": [],
          "passes": [
            "d6d3689b-fd49-4893-b37d-15e5cee86050",
            "18bc495b-9eaf-4de9-8217-227b7d26a290",
            "cd28cdd4-97df-4b47-85f8-3c84c1e674b7",
            "66ad4a44-ce1a-4cc5-a018-9fc84a115c4c",
            "90c1cc4f-e179-4052-b0b3-83e34f1ae038",
            "7abc3ab5-fc65-4022-9d67-9268a459480c"
          ],
          "failures": [],
          "pending": [],
          "skipped": [],
          "duration": 5858,
          "root": false,
          "rootEmpty": false,
          "_timeout": 2000
        }
      ],
      "passes": [],
      "failures": [],
      "pending": [],
      "skipped": [],
      "duration": 0,
      "root": true,
      "rootEmpty": true,
      "_timeout": 2000
    }
  ],
  "meta": {
    "mocha": {
      "version": "7.0.1"
    },
    "mochawesome": {
      "options": {
        "quiet": false,
        "reportFilename": "mochawesome",
        "saveHtml": false,
        "saveJson": true,
        "consoleReporter": "spec",
        "useInlineDiffs": false,
        "code": true
      },
      "version": "6.1.1"
    },
    "marge": {
      "options": {
        "id": "default",
        "reportDir": "mochawesome-report",
        "overwrite": false,
        "html": false,
        "json": true
      },
      "version": "5.1.0"
    }
  }
}